<?xml version="1.0" encoding="UTF-8"?>
<!-- Generated by org.testng.reporters.JUnitReportReporter -->
<testsuite ignored="0" hostname="manik" failures="0" tests="2" name="testpackage.MainPageTest" time="47.281" errors="0" timestamp="22 Mar 2020 03:59:07 GMT" skipped="0">
  <testcase classname="testpackage.MainPageTest" name="validatesearchbox" time="21.578"/>
  <testcase classname="testpackage.MainPageTest" name="verifymobilenumber" time="25.703"/>
</testsuite> <!-- testpackage.MainPageTest -->
