<?xml version="1.0" encoding="UTF-8"?>
<!-- Generated by org.testng.reporters.JUnitReportReporter -->
<testsuite ignored="0" hostname="manik" failures="0" tests="2" name="testpackage.MainPageTest" time="43.619" errors="0" timestamp="05 Apr 2020 11:13:11 GMT" skipped="0">
  <testcase classname="testpackage.MainPageTest" name="verifymobilenumber" time="18.651"/>
  <testcase classname="testpackage.MainPageTest" name="validatesearchbox" time="24.968"/>
</testsuite> <!-- testpackage.MainPageTest -->
