<?xml version="1.0" encoding="UTF-8"?>
<!-- Generated by org.testng.reporters.JUnitReportReporter -->
<testsuite ignored="0" hostname="manik" failures="0" tests="2" name="testpackage.MainPageTest" time="56.622" errors="0" timestamp="21 May 2020 23:50:24 GMT" skipped="0">
  <testcase classname="testpackage.MainPageTest" name="validatesearchbox" time="23.104"/>
  <testcase classname="testpackage.MainPageTest" name="verifymobilenumber" time="33.518"/>
</testsuite> <!-- testpackage.MainPageTest -->
